<?xml version="1.0" encoding="UTF-8"?>
<coverage generated="1671312136940" clover="3.2.0">
  <project timestamp="1671312136940" name="All files">
    <metrics statements="73" coveredstatements="56" conditionals="8" coveredconditionals="8" methods="4" coveredmethods="2" elements="85" coveredelements="66" complexity="0" loc="73" ncloc="73" packages="1" files="1" classes="1"/>
    <file name="model-card.ts" path="C:\Users\kreid\OneDrive\Рабочий стол\Портфолио\5_game\src\scripts\app\model\model-card.ts">
      <metrics statements="73" coveredstatements="56" conditionals="8" coveredconditionals="8" methods="4" coveredmethods="2"/>
      <line num="1" count="1" type="stmt"/>
      <line num="2" count="1" type="stmt"/>
      <line num="3" count="1" type="stmt"/>
      <line num="4" count="1" type="stmt"/>
      <line num="5" count="1" type="stmt"/>
      <line num="6" count="1" type="stmt"/>
      <line num="7" count="1" type="stmt"/>
      <line num="8" count="1" type="stmt"/>
      <line num="9" count="1" type="stmt"/>
      <line num="10" count="1" type="stmt"/>
      <line num="11" count="1" type="stmt"/>
      <line num="12" count="1" type="stmt"/>
      <line num="13" count="1" type="stmt"/>
      <line num="14" count="1" type="stmt"/>
      <line num="15" count="1" type="stmt"/>
      <line num="16" count="1" type="stmt"/>
      <line num="17" count="0" type="stmt"/>
      <line num="18" count="0" type="stmt"/>
      <line num="19" count="0" type="stmt"/>
      <line num="20" count="0" type="stmt"/>
      <line num="21" count="0" type="stmt"/>
      <line num="22" count="0" type="stmt"/>
      <line num="23" count="0" type="stmt"/>
      <line num="24" count="0" type="stmt"/>
      <line num="25" count="0" type="stmt"/>
      <line num="26" count="1" type="stmt"/>
      <line num="27" count="1" type="cond" truecount="1" falsecount="0"/>
      <line num="28" count="6" type="stmt"/>
      <line num="29" count="6" type="stmt"/>
      <line num="30" count="6" type="cond" truecount="1" falsecount="0"/>
      <line num="31" count="36" type="stmt"/>
      <line num="32" count="36" type="stmt"/>
      <line num="33" count="36" type="stmt"/>
      <line num="34" count="36" type="stmt"/>
      <line num="35" count="36" type="stmt"/>
      <line num="36" count="36" type="stmt"/>
      <line num="37" count="36" type="stmt"/>
      <line num="38" count="36" type="stmt"/>
      <line num="39" count="6" type="stmt"/>
      <line num="40" count="6" type="cond" truecount="1" falsecount="0"/>
      <line num="41" count="36" type="cond" truecount="3" falsecount="0"/>
      <line num="42" count="31" type="stmt"/>
      <line num="43" count="31" type="stmt"/>
      <line num="44" count="36" type="stmt"/>
      <line num="45" count="6" type="stmt"/>
      <line num="46" count="6" type="stmt"/>
      <line num="47" count="6" type="cond" truecount="1" falsecount="0"/>
      <line num="48" count="3" type="stmt"/>
      <line num="49" count="3" type="stmt"/>
      <line num="50" count="6" type="stmt"/>
      <line num="51" count="6" type="stmt"/>
      <line num="52" count="6" type="stmt"/>
      <line num="53" count="6" type="stmt"/>
      <line num="54" count="6" type="stmt"/>
      <line num="55" count="1" type="stmt"/>
      <line num="56" count="1" type="stmt"/>
      <line num="57" count="0" type="stmt"/>
      <line num="58" count="0" type="stmt"/>
      <line num="59" count="0" type="stmt"/>
      <line num="60" count="0" type="stmt"/>
      <line num="61" count="0" type="stmt"/>
      <line num="62" count="0" type="stmt"/>
      <line num="63" count="0" type="stmt"/>
      <line num="64" count="1" type="stmt"/>
      <line num="65" count="1" type="cond" truecount="1" falsecount="0"/>
      <line num="66" count="1" type="stmt"/>
      <line num="67" count="0" type="stmt"/>
      <line num="68" count="1" type="stmt"/>
      <line num="69" count="1" type="stmt"/>
      <line num="70" count="1" type="stmt"/>
      <line num="71" count="1" type="stmt"/>
      <line num="72" count="1" type="stmt"/>
      <line num="73" count="1" type="stmt"/>
    </file>
  </project>
</coverage>
