{"C:\\Users\\kreid\\OneDrive\\Рабочий стол\\Портфолио\\5_game\\src\\scripts\\app\\model\\model-card.ts": {"path":"C:\\Users\\kreid\\OneDrive\\Рабочий стол\\Портфолио\\5_game\\src\\scripts\\app\\model\\model-card.ts","all":false,"statementMap":{"0":{"start":{"line":1,"column":0},"end":{"line":1,"column":71}},"1":{"start":{"line":2,"column":0},"end":{"line":2,"column":0}},"2":{"start":{"line":3,"column":0},"end":{"line":3,"column":32}},"3":{"start":{"line":4,"column":0},"end":{"line":4,"column":51}},"4":{"start":{"line":5,"column":0},"end":{"line":5,"column":82}},"5":{"start":{"line":6,"column":0},"end":{"line":6,"column":2}},"6":{"start":{"line":7,"column":0},"end":{"line":7,"column":0}},"7":{"start":{"line":8,"column":0},"end":{"line":8,"column":40}},"8":{"start":{"line":9,"column":0},"end":{"line":9,"column":10}},"9":{"start":{"line":10,"column":0},"end":{"line":10,"column":12}},"10":{"start":{"line":11,"column":0},"end":{"line":11,"column":10}},"11":{"start":{"line":12,"column":0},"end":{"line":12,"column":2}},"12":{"start":{"line":13,"column":0},"end":{"line":13,"column":0}},"13":{"start":{"line":14,"column":0},"end":{"line":14,"column":36}},"14":{"start":{"line":15,"column":0},"end":{"line":15,"column":0}},"15":{"start":{"line":16,"column":0},"end":{"line":16,"column":56}},"16":{"start":{"line":17,"column":0},"end":{"line":17,"column":45}},"17":{"start":{"line":18,"column":0},"end":{"line":18,"column":80}},"18":{"start":{"line":19,"column":0},"end":{"line":19,"column":17}},"19":{"start":{"line":20,"column":0},"end":{"line":20,"column":14}},"20":{"start":{"line":21,"column":0},"end":{"line":21,"column":3}},"21":{"start":{"line":22,"column":0},"end":{"line":22,"column":0}},"22":{"start":{"line":23,"column":0},"end":{"line":23,"column":44}},"23":{"start":{"line":24,"column":0},"end":{"line":24,"column":21}},"24":{"start":{"line":25,"column":0},"end":{"line":25,"column":2}},"25":{"start":{"line":26,"column":0},"end":{"line":26,"column":0}},"26":{"start":{"line":27,"column":0},"end":{"line":27,"column":76}},"27":{"start":{"line":28,"column":0},"end":{"line":28,"column":17}},"28":{"start":{"line":29,"column":0},"end":{"line":29,"column":0}},"29":{"start":{"line":30,"column":0},"end":{"line":30,"column":59}},"30":{"start":{"line":31,"column":0},"end":{"line":31,"column":87}},"31":{"start":{"line":32,"column":0},"end":{"line":32,"column":87}},"32":{"start":{"line":33,"column":0},"end":{"line":33,"column":0}},"33":{"start":{"line":34,"column":0},"end":{"line":34,"column":58}},"34":{"start":{"line":35,"column":0},"end":{"line":35,"column":58}},"35":{"start":{"line":36,"column":0},"end":{"line":36,"column":0}},"36":{"start":{"line":37,"column":0},"end":{"line":37,"column":35}},"37":{"start":{"line":38,"column":0},"end":{"line":38,"column":3}},"38":{"start":{"line":39,"column":0},"end":{"line":39,"column":0}},"39":{"start":{"line":40,"column":0},"end":{"line":40,"column":82}},"40":{"start":{"line":41,"column":0},"end":{"line":41,"column":85}},"41":{"start":{"line":42,"column":0},"end":{"line":42,"column":24}},"42":{"start":{"line":43,"column":0},"end":{"line":43,"column":5}},"43":{"start":{"line":44,"column":0},"end":{"line":44,"column":18}},"44":{"start":{"line":45,"column":0},"end":{"line":45,"column":9}},"45":{"start":{"line":46,"column":0},"end":{"line":46,"column":0}},"46":{"start":{"line":47,"column":0},"end":{"line":47,"column":39}},"47":{"start":{"line":48,"column":0},"end":{"line":48,"column":32}},"48":{"start":{"line":49,"column":0},"end":{"line":49,"column":3}},"49":{"start":{"line":50,"column":0},"end":{"line":50,"column":0}},"50":{"start":{"line":51,"column":0},"end":{"line":51,"column":27}},"51":{"start":{"line":52,"column":0},"end":{"line":52,"column":0}},"52":{"start":{"line":53,"column":0},"end":{"line":53,"column":16}},"53":{"start":{"line":54,"column":0},"end":{"line":54,"column":2}},"54":{"start":{"line":55,"column":0},"end":{"line":55,"column":0}},"55":{"start":{"line":56,"column":0},"end":{"line":56,"column":65}},"56":{"start":{"line":57,"column":0},"end":{"line":57,"column":28}},"57":{"start":{"line":58,"column":0},"end":{"line":58,"column":40}},"58":{"start":{"line":59,"column":0},"end":{"line":59,"column":0}},"59":{"start":{"line":60,"column":0},"end":{"line":60,"column":44}},"60":{"start":{"line":61,"column":0},"end":{"line":61,"column":0}},"61":{"start":{"line":62,"column":0},"end":{"line":62,"column":19}},"62":{"start":{"line":63,"column":0},"end":{"line":63,"column":2}},"63":{"start":{"line":64,"column":0},"end":{"line":64,"column":0}},"64":{"start":{"line":65,"column":0},"end":{"line":65,"column":133}},"65":{"start":{"line":66,"column":0},"end":{"line":66,"column":16}},"66":{"start":{"line":67,"column":0},"end":{"line":67,"column":47}},"67":{"start":{"line":68,"column":0},"end":{"line":68,"column":4}},"68":{"start":{"line":69,"column":0},"end":{"line":69,"column":2}},"69":{"start":{"line":70,"column":0},"end":{"line":70,"column":0}},"70":{"start":{"line":71,"column":0},"end":{"line":71,"column":88}},"71":{"start":{"line":72,"column":0},"end":{"line":72,"column":0}},"72":{"start":{"line":73,"column":0},"end":{"line":73,"column":36}}},"s":{"0":1,"1":1,"2":1,"3":1,"4":1,"5":1,"6":1,"7":1,"8":1,"9":1,"10":1,"11":1,"12":1,"13":1,"14":1,"15":1,"16":0,"17":0,"18":0,"19":0,"20":0,"21":0,"22":0,"23":0,"24":0,"25":1,"26":1,"27":6,"28":6,"29":6,"30":36,"31":36,"32":36,"33":36,"34":36,"35":36,"36":36,"37":36,"38":6,"39":6,"40":36,"41":31,"42":31,"43":36,"44":6,"45":6,"46":6,"47":3,"48":3,"49":6,"50":6,"51":6,"52":6,"53":6,"54":1,"55":1,"56":0,"57":0,"58":0,"59":0,"60":0,"61":0,"62":0,"63":1,"64":1,"65":1,"66":0,"67":1,"68":1,"69":1,"70":1,"71":1,"72":1},"branchMap":{"0":{"type":"branch","line":27,"loc":{"start":{"line":27,"column":23},"end":{"line":54,"column":2}},"locations":[{"start":{"line":27,"column":23},"end":{"line":54,"column":2}}]},"1":{"type":"branch","line":30,"loc":{"start":{"line":30,"column":58},"end":{"line":38,"column":3}},"locations":[{"start":{"line":30,"column":58},"end":{"line":38,"column":3}}]},"2":{"type":"branch","line":47,"loc":{"start":{"line":47,"column":38},"end":{"line":49,"column":3}},"locations":[{"start":{"line":47,"column":38},"end":{"line":49,"column":3}}]},"3":{"type":"branch","line":40,"loc":{"start":{"line":40,"column":31},"end":{"line":45,"column":3}},"locations":[{"start":{"line":40,"column":31},"end":{"line":45,"column":3}}]},"4":{"type":"branch","line":41,"loc":{"start":{"line":41,"column":84},"end":{"line":43,"column":5}},"locations":[{"start":{"line":41,"column":84},"end":{"line":43,"column":5}}]},"5":{"type":"branch","line":41,"loc":{"start":{"line":41,"column":21},"end":{"line":41,"column":81}},"locations":[{"start":{"line":41,"column":21},"end":{"line":41,"column":81}}]},"6":{"type":"branch","line":41,"loc":{"start":{"line":41,"column":54},"end":{"line":41,"column":81}},"locations":[{"start":{"line":41,"column":54},"end":{"line":41,"column":81}}]},"7":{"type":"branch","line":65,"loc":{"start":{"line":65,"column":21},"end":{"line":69,"column":2}},"locations":[{"start":{"line":65,"column":21},"end":{"line":69,"column":2}}]}},"b":{"0":[6],"1":[36],"2":[3],"3":[36],"4":[31],"5":[85],"6":[11],"7":[1]},"fnMap":{"0":{"name":"getPatternCards","decl":{"start":{"line":16,"column":31},"end":{"line":25,"column":2}},"loc":{"start":{"line":16,"column":31},"end":{"line":25,"column":2}},"line":16},"1":{"name":"getRandomCards","decl":{"start":{"line":27,"column":23},"end":{"line":54,"column":2}},"loc":{"start":{"line":27,"column":23},"end":{"line":54,"column":2}},"line":27},"2":{"name":"getSortCardsDeck","decl":{"start":{"line":56,"column":25},"end":{"line":63,"column":2}},"loc":{"start":{"line":56,"column":25},"end":{"line":63,"column":2}},"line":56},"3":{"name":"getCardsPlay","decl":{"start":{"line":65,"column":21},"end":{"line":69,"column":2}},"loc":{"start":{"line":65,"column":21},"end":{"line":69,"column":2}},"line":65}},"f":{"0":0,"1":6,"2":0,"3":1}}
}
