TN:
SF:src\scripts\app\model\model-card.ts
FN:16,getPatternCards
FN:27,getRandomCards
FN:56,getSortCardsDeck
FN:65,getCardsPlay
FNF:4
FNH:2
FNDA:0,getPatternCards
FNDA:6,getRandomCards
FNDA:0,getSortCardsDeck
FNDA:1,getCardsPlay
DA:1,1
DA:2,1
DA:3,1
DA:4,1
DA:5,1
DA:6,1
DA:7,1
DA:8,1
DA:9,1
DA:10,1
DA:11,1
DA:12,1
DA:13,1
DA:14,1
DA:15,1
DA:16,1
DA:17,0
DA:18,0
DA:19,0
DA:20,0
DA:21,0
DA:22,0
DA:23,0
DA:24,0
DA:25,0
DA:26,1
DA:27,1
DA:28,6
DA:29,6
DA:30,6
DA:31,36
DA:32,36
DA:33,36
DA:34,36
DA:35,36
DA:36,36
DA:37,36
DA:38,36
DA:39,6
DA:40,6
DA:41,36
DA:42,31
DA:43,31
DA:44,36
DA:45,6
DA:46,6
DA:47,6
DA:48,3
DA:49,3
DA:50,6
DA:51,6
DA:52,6
DA:53,6
DA:54,6
DA:55,1
DA:56,1
DA:57,0
DA:58,0
DA:59,0
DA:60,0
DA:61,0
DA:62,0
DA:63,0
DA:64,1
DA:65,1
DA:66,1
DA:67,0
DA:68,1
DA:69,1
DA:70,1
DA:71,1
DA:72,1
DA:73,1
LF:73
LH:56
BRDA:27,0,0,6
BRDA:30,1,0,36
BRDA:47,2,0,3
BRDA:40,3,0,36
BRDA:41,4,0,31
BRDA:41,5,0,85
BRDA:41,6,0,11
BRDA:65,7,0,1
BRF:8
BRH:8
end_of_record
